<?xml version="1.0" encoding="UTF-8"?>
<!-- Generated by org.testng.reporters.JUnitReportReporter -->
<testsuite hostname="Shopse-396" failures="0" tests="1" name="test.basic" time="0.011" errors="0" timestamp="2024-07-18T23:17:47 IST" skipped="0">
  <testcase classname="test.basic" name="test" time="0.011"/>
  <system-out/>
</testsuite> <!-- test.basic -->
